0 info it worked if it ends with ok
1 verbose cli [ 'node', '/usr/local/bin/npm', 'i', 'tslint', '--save' ]
2 info using npm@1.4.28
3 info using node@v0.10.33
4 verbose readDependencies using package.json deps
5 verbose cache add [ 'tslint', null ]
6 verbose cache add name=undefined spec="tslint" args=["tslint",null]
7 verbose parsed url { protocol: null,
7 verbose parsed url   slashes: null,
7 verbose parsed url   auth: null,
7 verbose parsed url   host: null,
7 verbose parsed url   port: null,
7 verbose parsed url   hostname: null,
7 verbose parsed url   hash: null,
7 verbose parsed url   search: null,
7 verbose parsed url   query: null,
7 verbose parsed url   pathname: 'tslint',
7 verbose parsed url   path: 'tslint',
7 verbose parsed url   href: 'tslint' }
8 silly lockFile 0904ae8b-tslint tslint
9 verbose lock tslint /Users/Will/.npm/0904ae8b-tslint.lock
10 silly lockFile 0904ae8b-tslint tslint
11 silly lockFile 0904ae8b-tslint tslint
12 verbose addNamed [ 'tslint', '' ]
13 verbose addNamed [ null, '*' ]
14 silly lockFile d268b79d-tslint tslint@
15 verbose lock tslint@ /Users/Will/.npm/d268b79d-tslint.lock
16 silly addNameRange { name: 'tslint', range: '*', hasData: false }
17 verbose request where is /tslint
18 verbose request registry https://registry.npmjs.org/
19 verbose request id 5cb4004162907065
20 verbose url raw /tslint
21 verbose url resolving [ 'https://registry.npmjs.org/', './tslint' ]
22 verbose url resolved https://registry.npmjs.org/tslint
23 verbose request where is https://registry.npmjs.org/tslint
24 info trying registry request attempt 1 at 20:08:05
25 verbose etag "9GWU10LIFIJTQ7E8INPTZF541"
26 http GET https://registry.npmjs.org/tslint
27 http 200 https://registry.npmjs.org/tslint
28 silly registry.get cb [ 200,
28 silly registry.get   { server: 'CouchDB/1.5.0 (Erlang OTP/R16B03)',
28 silly registry.get     etag: '"1SEAJCTV0R92WI1T6XA6N9DLU"',
28 silly registry.get     'content-type': 'application/json',
28 silly registry.get     'cache-control': 'max-age=60',
28 silly registry.get     'content-length': '64140',
28 silly registry.get     'accept-ranges': 'bytes',
28 silly registry.get     date: 'Thu, 21 May 2015 00:08:05 GMT',
28 silly registry.get     via: '1.1 varnish',
28 silly registry.get     age: '0',
28 silly registry.get     connection: 'keep-alive',
28 silly registry.get     'x-served-by': 'cache-ord1735-ORD',
28 silly registry.get     'x-cache': 'MISS',
28 silly registry.get     'x-cache-hits': '0',
28 silly registry.get     'x-timer': 'S1432166885.737400,VS0,VE41',
28 silly registry.get     vary: 'Accept' } ]
29 silly addNameRange number 2 { name: 'tslint', range: '*', hasData: true }
30 silly addNameRange versions [ 'tslint',
30 silly addNameRange   [ '0.1.0',
30 silly addNameRange     '0.1.1',
30 silly addNameRange     '0.1.2',
30 silly addNameRange     '0.1.3',
30 silly addNameRange     '0.1.4',
30 silly addNameRange     '0.1.5',
30 silly addNameRange     '0.1.6',
30 silly addNameRange     '0.2.0',
30 silly addNameRange     '0.2.1',
30 silly addNameRange     '0.2.3',
30 silly addNameRange     '0.2.4',
30 silly addNameRange     '0.2.5',
30 silly addNameRange     '0.2.6',
30 silly addNameRange     '0.2.7',
30 silly addNameRange     '0.2.8',
30 silly addNameRange     '0.2.9',
30 silly addNameRange     '0.2.10',
30 silly addNameRange     '0.3.0',
30 silly addNameRange     '0.3.1',
30 silly addNameRange     '0.3.2',
30 silly addNameRange     '0.3.3',
30 silly addNameRange     '0.4.0',
30 silly addNameRange     '0.4.1',
30 silly addNameRange     '0.4.2',
30 silly addNameRange     '0.4.3',
30 silly addNameRange     '0.4.4',
30 silly addNameRange     '0.4.5',
30 silly addNameRange     '0.4.6',
30 silly addNameRange     '0.4.7',
30 silly addNameRange     '0.4.8',
30 silly addNameRange     '0.4.9',
30 silly addNameRange     '0.4.10',
30 silly addNameRange     '0.4.11',
30 silly addNameRange     '0.4.12',
30 silly addNameRange     '0.4.13',
30 silly addNameRange     '0.4.14',
30 silly addNameRange     '1.0.0',
30 silly addNameRange     '1.0.1',
30 silly addNameRange     '1.2.0',
30 silly addNameRange     '2.0.0',
30 silly addNameRange     '2.0.1',
30 silly addNameRange     '2.1.0',
30 silly addNameRange     '2.1.1',
30 silly addNameRange     '2.2.0-beta' ] ]
31 verbose addNamed [ 'tslint', '2.2.0-beta' ]
32 verbose addNamed [ '2.2.0-beta', '2.2.0-beta' ]
33 silly lockFile 1636376b-tslint-2-2-0-beta tslint@2.2.0-beta
34 verbose lock tslint@2.2.0-beta /Users/Will/.npm/1636376b-tslint-2-2-0-beta.lock
35 silly lockFile 7b633d8d-org-tslint-tslint-2-2-0-beta-tgz https://registry.npmjs.org/tslint/-/tslint-2.2.0-beta.tgz
36 verbose lock https://registry.npmjs.org/tslint/-/tslint-2.2.0-beta.tgz /Users/Will/.npm/7b633d8d-org-tslint-tslint-2-2-0-beta-tgz.lock
37 verbose addRemoteTarball [ 'https://registry.npmjs.org/tslint/-/tslint-2.2.0-beta.tgz',
37 verbose addRemoteTarball   'ee6bddd23089d5de9e4914c2ada4d651a6828738' ]
38 info retry fetch attempt 1 at 20:08:05
39 verbose fetch to= /var/folders/gd/vgg6rff15j5g8qgqrt8hl9100000gn/T/npm-23765-LpmU_mQX/registry.npmjs.org/tslint/-/tslint-2.2.0-beta.tgz
40 http GET https://registry.npmjs.org/tslint/-/tslint-2.2.0-beta.tgz
41 http 200 https://registry.npmjs.org/tslint/-/tslint-2.2.0-beta.tgz
42 silly lockFile 7b633d8d-org-tslint-tslint-2-2-0-beta-tgz https://registry.npmjs.org/tslint/-/tslint-2.2.0-beta.tgz
43 silly lockFile 7b633d8d-org-tslint-tslint-2-2-0-beta-tgz https://registry.npmjs.org/tslint/-/tslint-2.2.0-beta.tgz
44 silly lockFile 1636376b-tslint-2-2-0-beta tslint@2.2.0-beta
45 silly lockFile 1636376b-tslint-2-2-0-beta tslint@2.2.0-beta
46 silly lockFile d268b79d-tslint tslint@
47 silly lockFile d268b79d-tslint tslint@
48 error Error: EACCES, mkdir '/Users/Will/.npm/tslint/2.2.0-beta'
48 error  { [Error: EACCES, mkdir '/Users/Will/.npm/tslint/2.2.0-beta']
48 error   errno: 3,
48 error   code: 'EACCES',
48 error   path: '/Users/Will/.npm/tslint/2.2.0-beta',
48 error   parent: 'tslint-loader' }
49 error Please try running this command again as root/Administrator.
50 error System Darwin 14.0.0
51 error command "node" "/usr/local/bin/npm" "i" "tslint" "--save"
52 error cwd /Users/Will/GitHub/tslint-loader
53 error node -v v0.10.33
54 error npm -v 1.4.28
55 error path /Users/Will/.npm/tslint/2.2.0-beta
56 error code EACCES
57 error errno 3
58 error stack Error: EACCES, mkdir '/Users/Will/.npm/tslint/2.2.0-beta'
59 verbose exit [ 3, true ]
